<?xml version="1.0" encoding="UTF-8"?>
<testng-results ignored="0" total="1" passed="1" failed="0" skipped="0">
  <reporter-output>
  </reporter-output>
  <suite started-at="2025-04-10T19:07:50 IST" name="Default suite" finished-at="2025-04-10T19:08:00 IST" duration-ms="9162">
    <groups>
    </groups>
    <test started-at="2025-04-10T19:07:50 IST" name="Default test" finished-at="2025-04-10T19:08:00 IST" duration-ms="9162">
      <class name="utils.MyTest">
        <test-method is-config="true" signature="startReport()[pri:0, instance:utils.MyTest@60f00693]" started-at="2025-04-10T19:07:14 IST" name="startReport" finished-at="2025-04-10T19:07:50 IST" duration-ms="36652" status="PASS">
          <reporter-output>
          </reporter-output>
        </test-method> <!-- startReport -->
        <test-method is-config="true" signature="setData()[pri:0, instance:utils.MyTest@60f00693]" started-at="2025-04-10T19:07:50 IST" name="setData" finished-at="2025-04-10T19:07:54 IST" duration-ms="3548" status="PASS">
          <reporter-output>
          </reporter-output>
        </test-method> <!-- setData -->
        <test-method is-config="true" signature="createTest()[pri:0, instance:utils.MyTest@60f00693]" started-at="2025-04-10T19:07:54 IST" name="createTest" finished-at="2025-04-10T19:07:56 IST" duration-ms="1539" status="PASS">
          <reporter-output>
          </reporter-output>
        </test-method> <!-- createTest -->
        <test-method signature="myTest()[pri:0, instance:utils.MyTest@60f00693]" started-at="2025-04-10T19:07:56 IST" name="myTest" finished-at="2025-04-10T19:07:58 IST" duration-ms="2330" status="PASS">
          <reporter-output>
          </reporter-output>
        </test-method> <!-- myTest -->
        <test-method is-config="true" signature="endReport()[pri:0, instance:utils.MyTest@60f00693]" started-at="2025-04-10T19:07:58 IST" name="endReport" finished-at="2025-04-10T19:08:00 IST" duration-ms="1658" status="PASS">
          <reporter-output>
          </reporter-output>
        </test-method> <!-- endReport -->
      </class> <!-- utils.MyTest -->
    </test> <!-- Default test -->
  </suite> <!-- Default suite -->
</testng-results>
