<?xml version="1.0" encoding="UTF-8"?>
<!-- Generated by org.testng.reporters.JUnitReportReporter -->
<testsuite hostname="LAPTOP-I9IN3NEM" failures="0" tests="5" name="test.TestNgAttributes" time="0.021" errors="0" timestamp="2025-01-08T17:26:26 IST" skipped="0">
  <testcase classname="test.TestNgAttributes" name="signUp" time="0.002"/>
  <testcase classname="test.TestNgAttributes" name="login" time="0.002"/>
  <testcase classname="test.TestNgAttributes" name="searchProduct" time="0.002"/>
  <testcase classname="test.TestNgAttributes" name="signOut" time="0.002"/>
  <testcase classname="test.TestNgAttributes" name="addToCart" time="0.013"/>
</testsuite> <!-- test.TestNgAttributes -->
