<?xml version="1.0" encoding="UTF-8"?>
<testng-results ignored="0" total="1" passed="1" failed="0" skipped="0">
  <reporter-output>
  </reporter-output>
  <suite started-at="2025-03-30T11:58:21 IST" name="Default suite" finished-at="2025-03-30T11:58:55 IST" duration-ms="34248">
    <groups>
    </groups>
    <test started-at="2025-03-30T11:58:21 IST" name="Default test" finished-at="2025-03-30T11:58:55 IST" duration-ms="34248">
      <class name="assessment.GoogleTest">
        <test-method signature="searchMpulse()[pri:0, instance:assessment.GoogleTest@198b6731]" started-at="2025-03-30T11:58:21 IST" name="searchMpulse" finished-at="2025-03-30T11:58:55 IST" duration-ms="34186" status="PASS">
          <reporter-output>
          </reporter-output>
        </test-method> <!-- searchMpulse -->
      </class> <!-- assessment.GoogleTest -->
    </test> <!-- Default test -->
  </suite> <!-- Default suite -->
</testng-results>
