<?xml version="1.0" encoding="UTF-8"?>
<!-- Generated by org.testng.reporters.JUnitReportReporter -->
<testsuite hostname="LAPTOP-I9IN3NEM" failures="0" tests="4" name="testRunner.Runner" time="0.358" errors="4" timestamp="2025-05-31T08:34:57 IST" skipped="0">
  <testcase classname="testRunner.Runner" name="runScenario" time="0.123">
    <error message="Duplicate step definitions in steps.LoginSteps.userEnterThePasswordAsPass() and steps.LoginSteps.userEnterThePasswordAsDhana1997()" type="io.cucumber.core.runner.DuplicateStepDefinitionException">
      <![CDATA[io.cucumber.core.runner.DuplicateStepDefinitionException: Duplicate step definitions in steps.LoginSteps.userEnterThePasswordAsPass() and steps.LoginSteps.userEnterThePasswordAsDhana1997()
at io.cucumber.core.runner.CachingGlue.lambda$prepareGlue$3(CachingGlue.java:313)
at java.base/java.util.ArrayList.forEach(ArrayList.java:1597)
at io.cucumber.core.runner.CachingGlue.prepareGlue(CachingGlue.java:307)
at io.cucumber.core.runner.Runner.runPickle(Runner.java:73)
at io.cucumber.testng.TestNGCucumberRunner.lambda$runScenario$1(TestNGCucumberRunner.java:135)
at io.cucumber.core.runtime.CucumberExecutionContext.lambda$runTestCase$5(CucumberExecutionContext.java:136)
at io.cucumber.core.runtime.RethrowingThrowableCollector.executeAndThrow(RethrowingThrowableCollector.java:23)
at io.cucumber.core.runtime.CucumberExecutionContext.runTestCase(CucumberExecutionContext.java:136)
at io.cucumber.testng.TestNGCucumberRunner.runScenario(TestNGCucumberRunner.java:132)
at io.cucumber.testng.AbstractTestNGCucumberTests.runScenario(AbstractTestNGCucumberTests.java:35)
at java.base/jdk.internal.reflect.DirectMethodHandleAccessor.invoke(DirectMethodHandleAccessor.java:103)
at java.base/java.lang.reflect.Method.invoke(Method.java:580)
at org.testng.internal.invokers.MethodInvocationHelper.invokeMethod(MethodInvocationHelper.java:141)
at org.testng.internal.invokers.TestInvoker.invokeMethod(TestInvoker.java:687)
at org.testng.internal.invokers.TestInvoker.invokeTestMethod(TestInvoker.java:230)
at org.testng.internal.invokers.MethodRunner.runInSequence(MethodRunner.java:63)
at org.testng.internal.invokers.TestInvoker$MethodInvocationAgent.invoke(TestInvoker.java:995)
at org.testng.internal.invokers.TestInvoker.invokeTestMethods(TestInvoker.java:203)
at org.testng.internal.invokers.TestMethodWorker.invokeTestMethods(TestMethodWorker.java:154)
at org.testng.internal.invokers.TestMethodWorker.run(TestMethodWorker.java:134)
at java.base/java.util.ArrayList.forEach(ArrayList.java:1597)
at org.testng.TestRunner.privateRun(TestRunner.java:741)
at org.testng.TestRunner.run(TestRunner.java:616)
at org.testng.SuiteRunner.runTest(SuiteRunner.java:421)
at org.testng.SuiteRunner.runSequentially(SuiteRunner.java:413)
at org.testng.SuiteRunner.privateRun(SuiteRunner.java:373)
at org.testng.SuiteRunner.run(SuiteRunner.java:312)
at org.testng.SuiteRunnerWorker.runSuite(SuiteRunnerWorker.java:52)
at org.testng.SuiteRunnerWorker.run(SuiteRunnerWorker.java:95)
at org.testng.TestNG.runSuitesSequentially(TestNG.java:1274)
at org.testng.TestNG.runSuitesLocally(TestNG.java:1208)
at org.testng.TestNG.runSuites(TestNG.java:1112)
at org.testng.TestNG.run(TestNG.java:1079)
at org.testng.remote.AbstractRemoteTestNG.run(AbstractRemoteTestNG.java:115)
at org.testng.remote.RemoteTestNG.initAndRun(RemoteTestNG.java:293)
at org.testng.remote.RemoteTestNG.main(RemoteTestNG.java:91)
]]>
    </error>
  </testcase> <!-- runScenario -->
  <testcase classname="testRunner.Runner" name="runScenario" time="0.186">
    <error message="Cannot invoke &quot;org.openqa.selenium.WebDriver.get(String)&quot; because &quot;this.driver&quot; is null" type="java.lang.NullPointerException">
      <![CDATA[java.lang.NullPointerException: Cannot invoke "org.openqa.selenium.WebDriver.get(String)" because "this.driver" is null
at steps.AddToCartSteps.userShouldNavigate(AddToCartSteps.java:26)
at ✽.User should navigate to the application(file:///C:/Users/Dhanakodi/eclipse-workspace/LearnCucumber/src/test/java/features/addToCart.feature:4)
]]>
    </error>
  </testcase> <!-- runScenario -->
  <testcase classname="testRunner.Runner" name="runScenario" time="0.011">
    <error message="Cannot invoke &quot;org.openqa.selenium.WebDriver.get(String)&quot; because &quot;this.driver&quot; is null" type="java.lang.NullPointerException">
      <![CDATA[java.lang.NullPointerException: Cannot invoke "org.openqa.selenium.WebDriver.get(String)" because "this.driver" is null
at steps.AddToCartSteps.userShouldNavigate(AddToCartSteps.java:26)
at ✽.User should navigate to the application(file:///C:/Users/Dhanakodi/eclipse-workspace/LearnCucumber/src/test/java/features/login.feature:5)
]]>
    </error>
  </testcase> <!-- runScenario -->
  <testcase classname="testRunner.Runner" name="runScenario" time="0.038">
    <error message="Cannot invoke &quot;org.openqa.selenium.WebDriver.get(String)&quot; because &quot;this.driver&quot; is null" type="java.lang.NullPointerException">
      <![CDATA[java.lang.NullPointerException: Cannot invoke "org.openqa.selenium.WebDriver.get(String)" because "this.driver" is null
at steps.AddToCartSteps.userShouldNavigate(AddToCartSteps.java:26)
at ✽.User should navigate to the application(file:///C:/Users/Dhanakodi/eclipse-workspace/LearnCucumber/src/test/java/features/login.feature:5)
]]>
    </error>
  </testcase> <!-- runScenario -->
</testsuite> <!-- testRunner.Runner -->
