<?xml version="1.0" encoding="UTF-8"?>
<!-- Generated by org.testng.reporters.JUnitXMLReporter -->
<testsuite ignored="0" hostname="LAPTOP-I9IN3NEM" failures="1" tests="1" name="Default test(failed)" time="0.056" errors="0" timestamp="2025-03-15T12:25:10 IST">
  <testcase classname="testNgBasic.LearnDataProvider" name="login" time="0.0">
    <failure type="org.testng.TestNGException" message="
Method public void testNgBasic.LearnDataProvider.login(java.lang.String,java.lang.String) requires a @DataProvider named : login in class learning.DataUtils">
      <![CDATA[org.testng.TestNGException: 
Method public void testNgBasic.LearnDataProvider.login(java.lang.String,java.lang.String) requires a @DataProvider named : login in class learning.DataUtils
at java.base/java.util.ArrayList.forEach(ArrayList.java:1597)
... Removed 24 stack frames]]>
    </failure>
  </testcase> <!-- login -->
</testsuite> <!-- Default test(failed) -->
